[2016.03.24-10.09.50:789][  0]Log file open, 03/24/16 11:09:50
[2016.03.24-10.09.50:789][  0]LogInit:Display: Running engine for game: pyramide
[2016.03.24-10.09.50:789][  0]LogPlatformFile: Not using cached read wrapper
[2016.03.24-10.09.50:789][  0]LogInit:Display: RandInit(2026240093) SRandInit(2026240097).
[2016.03.24-10.09.50:789][  0]LogTaskGraph: Started task graph with 4 named threads and 5 total threads.
[2016.03.24-10.09.50:789][  0]LogStats: Stats thread started at 10.696859
[2016.03.24-10.09.50:789][  0]LogInit: Version: 4.10.2-2818068+++depot+UE4-Releases+4.10
[2016.03.24-10.09.50:789][  0]LogInit: API Version: 2758231
[2016.03.24-10.09.50:805][  0]LogInit: Compiled (64-bit): Jan  6 2016 17:36:42
[2016.03.24-10.09.50:805][  0]LogInit: Compiled with Visual C++: 19.00.23026.00
[2016.03.24-10.09.50:805][  0]LogInit: Build Configuration: Development
[2016.03.24-10.09.50:805][  0]LogInit: Branch Name: ++depot+UE4-Releases+4.10
[2016.03.24-10.09.50:805][  0]LogInit: Command line: 
[2016.03.24-10.09.50:805][  0]LogInit: Base directory: D:/unreal engine 4.10/Engine/Binaries/Win64/
[2016.03.24-10.09.50:805][  0]LogInit: Rocket: 1
[2016.03.24-10.09.50:961][  0]LogInit: Using libcurl 7.41.0
[2016.03.24-10.09.50:961][  0]LogInit:  - built for x86_64-pc-win32
[2016.03.24-10.09.50:961][  0]LogInit:  - supports SSL with WinSSL
[2016.03.24-10.09.50:961][  0]LogInit:  - other features:
[2016.03.24-10.09.50:961][  0]LogInit:      CURL_VERSION_SSL
[2016.03.24-10.09.50:961][  0]LogInit:      CURL_VERSION_IPV6
[2016.03.24-10.09.50:961][  0]LogInit:      CURL_VERSION_ASYNCHDNS
[2016.03.24-10.09.50:961][  0]LogInit:      CURL_VERSION_LARGEFILE
[2016.03.24-10.09.50:961][  0]LogInit:      CURL_VERSION_IDN
[2016.03.24-10.09.50:961][  0]LogInit:  CurlRequestOptions (configurable via config and command line):
[2016.03.24-10.09.50:961][  0]LogInit:  - bVerifyPeer = true  - Libcurl will verify peer certificate
[2016.03.24-10.09.50:961][  0]LogInit:  - bUseHttpProxy = false  - Libcurl will NOT use HTTP proxy
[2016.03.24-10.09.50:961][  0]LogInit:  - bDontReuseConnections = false  - Libcurl will reuse connections
[2016.03.24-10.09.50:961][  0]LogInit:  - CertBundlePath = nullptr  - Libcurl will use whatever was configured at build time.
[2016.03.24-10.09.52:429][  0]LogInit: Presizing for 0 objects not considered by GC, pre-allocating 0 bytes.
[2016.03.24-10.09.52:695][  0]LogInit: Object subsystem initialized
[2016.03.24-10.09.52:921][  0]LogInit: Selected Device Profile: [Windows]
[2016.03.24-10.09.52:921][  0]LogInit: Applying CVar settings loaded from the selected device profile: [Windows]
[2016.03.24-10.09.53:082][  0]LogInit: Computer: SSI-SV16
[2016.03.24-10.09.53:082][  0]LogInit: User: pezot
[2016.03.24-10.09.53:082][  0]LogInit: CPU Page size=4096, Cores=2
[2016.03.24-10.09.53:082][  0]LogInit: High frequency timer resolution =2.923154 MHz
[2016.03.24-10.09.53:124][  0]LogMemory: Memory total: Physical=4.0GB (4GB approx)
[2016.03.24-10.09.53:204][  0]LogMemory: Platform Memory Stats for Windows
[2016.03.24-10.09.53:204][  0]LogMemory: Process Physical Memory: 56.00 MB used, 56.00 MB peak
[2016.03.24-10.09.53:204][  0]LogMemory: Process Virtual Memory: 56.03 MB used, 56.03 MB peak
[2016.03.24-10.09.53:204][  0]LogMemory: Physical Memory: 1751.36 MB used, 4051.70 MB total
[2016.03.24-10.09.53:204][  0]LogMemory: Virtual Memory: 350.34 MB used, 8388608.00 MB total
[2016.03.24-10.09.55:866][  0]LogTextLocalizationManager: No translations for ('fr-FR') exist, falling back to 'en' for localization and internationalization data.
[2016.03.24-10.09.58:305][  0]LogD3D11RHI: Found D3D11 adapter 0: NVIDIA Quadro 410  (Feature Level 11_0)
[2016.03.24-10.09.58:305][  0]LogD3D11RHI: Adapter has 463MB of dedicated video memory, 0MB of dedicated system memory, and 1769MB of shared system memory, 1 output[s]
[2016.03.24-10.09.58:305][  0]LogD3D11RHI: Chosen D3D11 Adapter Id = 0
[2016.03.24-10.09.58:335][  0]LogD3D11RHI: !Direct3DDevice
[2016.03.24-10.09.58:336][  0]LogRHI: Texture pool is 324 MB (70% of 463 MB)
[2016.03.24-10.09.58:360][  0]LogD3D11RHI: Async texture creation enabled
[2016.03.24-10.09.58:736][  0]LogShaderCompilers: Guid format shader working directory is 26 characters bigger than the processId version (../../../../pyramide/Intermediate/Shaders/WorkingDirectory/4120/).
[2016.03.24-10.09.58:737][  0]LogShaderCompilers: Cleaned the shader compiler working directory 'C:/Users/pezot/AppData/Local/Temp/UnrealShaderWorkingDir/95407D114F85C60DF4882A980BB50637/'.
[2016.03.24-10.09.58:750][  0]LogShaderCompilers:Display: Using Local Shader Compiler.
[2016.03.24-10.10.07:963][  0]LogTemp:Display: Loaded TP AllDesktopTargetPlatform
[2016.03.24-10.10.07:972][  0]LogTemp:Display: Loaded TP WindowsClientTargetPlatform
[2016.03.24-10.10.07:981][  0]LogTemp:Display: Loaded TP WindowsNoEditorTargetPlatform
[2016.03.24-10.10.07:991][  0]LogTemp:Display: Loaded TP WindowsServerTargetPlatform
[2016.03.24-10.10.07:999][  0]LogTemp:Display: Loaded TP WindowsTargetPlatform
[2016.03.24-10.10.08:006][  0]LogTemp:Display: Loaded TP AndroidTargetPlatform
[2016.03.24-10.10.08:010][  0]LogTemp:Display: Loaded TP Android_ASTCTargetPlatform
[2016.03.24-10.10.08:015][  0]LogTemp:Display: Loaded TP Android_ATCTargetPlatform
[2016.03.24-10.10.08:020][  0]LogTemp:Display: Loaded TP Android_DXTTargetPlatform
[2016.03.24-10.10.08:025][  0]LogTemp:Display: Loaded TP Android_ETC1TargetPlatform
[2016.03.24-10.10.08:029][  0]LogTemp:Display: Loaded TP Android_ETC2TargetPlatform
[2016.03.24-10.10.08:038][  0]LogTemp:Display: Loaded TP Android_MultiTargetPlatform
[2016.03.24-10.10.08:038][  0]LogTemp:Display: Loaded TP Android_PVRTCTargetPlatform
[2016.03.24-10.10.08:040][  0]LogTemp:Display: Loaded TP HTML5TargetPlatform
[2016.03.24-10.10.08:124][  0]LogTemp:Display: Loaded TP IOSTargetPlatform
[2016.03.24-10.10.08:127][  0]LogTemp:Display: Loaded TP LinuxNoEditorTargetPlatform
[2016.03.24-10.10.08:131][  0]LogTemp:Display: Loaded TP LinuxServerTargetPlatform
[2016.03.24-10.10.08:148][  0]LogTemp:Display: Loaded TP LinuxTargetPlatform
[2016.03.24-10.10.08:148][  0]LogTargetPlatformManager:Display: Building Assets For Windows
[2016.03.24-10.10.09:933][  0]LogDerivedDataCache:Display: Max Cache Size: 512 MB
[2016.03.24-10.10.09:933][  0]LogDerivedDataCache:Display: Starting with empty Boot cache
[2016.03.24-10.10.09:933][  0]LogDerivedDataCache: FDerivedDataBackendGraph:  Pak pak cache file ../../../../pyramide/DerivedDataCache/DDC.ddp not found, will not use a pak cache.
[2016.03.24-10.10.09:933][  0]LogDerivedDataCache: Unable to find inner node Pak for hierarchical cache Hierarchy.
[2016.03.24-10.10.09:933][  0]LogDerivedDataCache: FDerivedDataBackendGraph:  CompressedPak pak cache file ../../../../pyramide/DerivedDataCache/Compressed.ddp not found, will not use a pak cache.
[2016.03.24-10.10.09:933][  0]LogDerivedDataCache: Unable to find inner node CompressedPak for hierarchical cache Hierarchy.
[2016.03.24-10.10.10:066][  0]LogDerivedDataCache:Display: Pak cache opened for reading ../../../Engine/DerivedDataCache/Compressed.ddp.
[2016.03.24-10.10.10:081][  0]LogDerivedDataCache: Using Local data cache path C:/Users/pezot/AppData/Local/UnrealEngine/Common/DerivedDataCache: Writable
[2016.03.24-10.11.03:617][  0]LogInit: Selected Device Profile: [Windows]
[2016.03.24-10.11.03:647][  0]LogContentStreaming: Texture pool size is 0.000000MB
[2016.03.24-10.11.05:042][  0]LogMeshUtilities: No automatic mesh reduction module available
[2016.03.24-10.11.05:042][  0]LogMeshUtilities: No automatic mesh merging module available
[2016.03.24-10.11.11:612][  0]LogInit: WinSock: version 1.1 (2.2), MaxSocks=32767, MaxUdp=65467
[2016.03.24-10.11.24:204][  0]LogAssetRegistry: FAssetRegistry took 0.0426 seconds to start up
[2016.03.24-10.11.24:352][  0]UdpMessaging: Initializing bridge on interface 0.0.0.0:0 to multicast group 230.0.0.1:6666.
[2016.03.24-10.11.29:187][  0]SourceControl: Info Source control is disabled
[2016.03.24-10.11.29:189][  0]SourceControl: Info Source control is disabled
[2016.03.24-10.11.29:328][  0]SourceControl: Info Source control is disabled
[2016.03.24-10.11.29:352][  0]SourceControl: Info Source control is disabled
[2016.03.24-10.11.31:858][  0]LogObj: 28802 objects as part of root set at end of initial load.
[2016.03.24-10.11.31:858][  0]LogUObjectAllocator: 6129768 out of 0 bytes used by permanent object pool.
[2016.03.24-10.11.33:916][  0]LogEngine: Initializing Engine...
[2016.03.24-10.11.33:972][  0]LogHMD: Can't find Oculus library dev build: is proper Runtime installed? Version: 0.8.0.0
[2016.03.24-10.11.33:998][  0]LogHMD: SteamVR failed to initialize.  Err: 110
[2016.03.24-10.11.35:267][  0]LogAIModule: Creating AISystem for world NewWorld
[2016.03.24-10.11.35:486][  0]LogInit: XAudio2 using 'Haut-parleurs (Realtek High Definition Audio)' : 2 channels at 48 kHz using 32 bits per sample (channel mask 0x3)
[2016.03.24-10.11.35:518][  0]LogInit: FAudioDevice initialized.
[2016.03.24-10.11.35:545][  0]LogDerivedDataCache: Saved boot cache 0.03s 41MB C:/Users/pezot/AppData/Local/UnrealEngine/4.10/DerivedDataCache/Boot.ddc.
[2016.03.24-10.11.35:551][  0]LogInit: Texture streaming: Enabled
[2016.03.24-10.11.35:599][  0]LogAnalytics: Creating configured Analytics provider AnalyticsET
[2016.03.24-10.11.35:599][  0]LogAnalytics: [UEEditor.Rocket.Release] APIServer = http://et2.epicgames.com/ET2/. AppVersion = 4.10.2-2818068+++depot+UE4-Releases+4.10
[2016.03.24-10.11.35:599][  0]LogAnalytics: [UEEditor.Rocket.Release] SetUserId 5afd12d94d4bfc49a4ad3bbd6056273f||e12fef7b-21b6-4940-acbc-50a7dc470b9f
[2016.03.24-10.11.35:616][  0]LogAnalytics: [UEEditor.Rocket.Release] AnalyticsET::StartSession
[2016.03.24-10.11.35:704][  0]LogInit: Transaction tracking system initialized
[2016.03.24-10.11.35:878][  0]BlueprintLog: New page: Editor Load
[2016.03.24-10.11.37:302][  0]LocalizationService: Info Localization service is disabled
[2016.03.24-10.11.37:664][  0]LogConsoleResponse:Display: 
[2016.03.24-10.11.40:601][  0]LogFileCache: Scanning file cache for directory 'D:/pyramide/Content/' took 0.03s
[2016.03.24-10.11.40:601][  0]LogCook:Display: Done creating registry. It took  0.00s.
[2016.03.24-10.11.42:302][  0]SourceControl: Info Source control is disabled
[2016.03.24-10.11.42:682][  0]Cmd: MAP LOAD FILE="../../../../pyramide/Content/pyramid_content/default_map.umap" TEMPLATE=0 SHOWPROGRESS=1 FEATURELEVEL=3
[2016.03.24-10.11.42:725][  0]LightingResults: New page: Lighting Build
[2016.03.24-10.11.43:275][  0]MapCheck: New page: Map Check
[2016.03.24-10.11.43:275][  0]LightingResults: New page: Lighting Build
[2016.03.24-10.11.43:826][  0]LogParticles: Destroying 0 GPU particle simulations for FXSystem 0x0000000022061C60
[2016.03.24-10.11.46:314][  0]LogTexture:Display: Building textures: triangle_alpha (AutoDXT)
[2016.03.24-10.11.46:592][  0]LogMaterial: Missing cached shader map for material triangle_view, compiling. 
[2016.03.24-10.11.47:360][  0]LogMaterial: Missing cached shader map for material black_skybox, compiling. 
[2016.03.24-10.11.47:393][  0]LogMaterial: Missing cached shader map for material M_Chair, compiling. 
[2016.03.24-10.11.47:434][  0]LogAIModule: Creating AISystem for world default_map
[2016.03.24-10.11.48:519][  0]LogPrimitiveComponent: Zero scaling not supported (/Game/pyramid_content/default_map.default_map:PersistentLevel.view_front.StaticMeshComponent0)
[2016.03.24-10.11.48:519][  0]LogPrimitiveComponent: Zero scaling not supported (/Game/pyramid_content/default_map.default_map:PersistentLevel.view_back.StaticMeshComponent0)
[2016.03.24-10.11.48:519][  0]LogPrimitiveComponent: Zero scaling not supported (/Game/pyramid_content/default_map.default_map:PersistentLevel.view_left.StaticMeshComponent0)
[2016.03.24-10.11.48:519][  0]LogPrimitiveComponent: Zero scaling not supported (/Game/pyramid_content/default_map.default_map:PersistentLevel.view_right.StaticMeshComponent0)
[2016.03.24-10.11.48:519][  0]LogPrimitiveComponent: Zero scaling not supported (/Game/pyramid_content/default_map.default_map:PersistentLevel.Cube_4.StaticMeshComponent0)
[2016.03.24-10.11.48:889][  0]LogEditorServer: Finished looking for orphan Actors (0.000 secs)
[2016.03.24-10.11.49:139][  0]Cmd: MAP CHECKDEP NOCLEARLOG
[2016.03.24-10.11.49:360][  0]MapCheck: Info Map check complete: 0 Error(s), 0 Warning(s), took 220.469ms to complete.
[2016.03.24-10.11.49:360][  0]LogFileHelpers: Loading map 'default_map' took 6.808
[2016.03.24-10.11.51:440][  0]LogCollectionManager: Loaded 0 collections in 0.010401 seconds
[2016.03.24-10.11.51:564][  0]LogFileCache: Scanning file cache for directory 'D:/pyramide/Saved/Collections/' took 0.04s
[2016.03.24-10.11.51:564][  0]LogFileCache: Scanning file cache for directory 'D:/pyramide/Content/Developers/pezot/Collections/' took 0.01s
[2016.03.24-10.11.51:564][  0]LogFileCache: Scanning file cache for directory 'D:/pyramide/Content/Collections/' took 0.02s
[2016.03.24-10.11.51:564][  0]LogCollectionManager: Rebuilt the GUID cache for 0 collections in 0.000004 seconds
[2016.03.24-10.11.51:587][  0]LogContentBrowser: Native class hierarchy populated in 0.0209 seconds. Added 1908 classes and 344 folders.
[2016.03.24-10.11.51:639][  0]LogContentBrowser: Native class hierarchy updated for 'WidgetCarousel' in 0.0004 seconds. Added 0 classes and 0 folders.
[2016.03.24-10.11.59:711][  0]LogContentBrowser: Native class hierarchy updated for 'AddContentDialog' in 0.0004 seconds. Added 0 classes and 0 folders.
[2016.03.24-10.11.59:759][  0]LogContentBrowser: Native class hierarchy updated for 'SceneOutliner' in 0.0004 seconds. Added 1 classes and 2 folders.
[2016.03.24-10.12.00:070][  0]LogCrashTracker: Crashtracker disabled due to settings.
[2016.03.24-10.12.00:183][  0]LogUObjectGlobals:Warning: Failed to find object 'Class None.'
[2016.03.24-10.12.00:280][  0]LogLoad: Full Startup: 224.08 seconds (BP compile: 1.01 seconds)
[2016.03.24-10.12.01:734][  0]LogOcInput: Can't find Oculus library dev build: is proper Runtime installed? Version: 0.8.0.0
[2016.03.24-10.12.02:101][  0]LogRenderer: Reallocating scene render targets to support 1080x540 (Frame:1).
[2016.03.24-10.12.03:131][  0]LogContentStreaming: Texture pool size now 1000 MB
[2016.03.24-10.12.04:548][  0]LogRenderer: Reallocating scene render targets to support 1080x552 (Frame:2).
[2016.03.24-10.12.10:376][  4]LogAssetRegistry: Asset discovery search completed in 46.1837 seconds
[2016.03.24-10.12.10:389][  4]LogCollectionManager: Rebuilt the object cache for 0 collections in 0.000001 seconds (found 0 objects)
[2016.03.24-10.12.10:389][  4]LogCollectionManager: Fixed up redirectors for 0 collections in 0.012997 seconds (updated 0 objects)
[2016.03.24-10.12.31:370][ 68]LogSynthBenchmark:Display: FSynthBenchmark (V0.95):  requested WorkScale=1.00
[2016.03.24-10.12.31:370][ 68]LogSynthBenchmark:Display: ===============
[2016.03.24-10.12.31:370][ 68]LogSynthBenchmark:Display: Main Processor:
[2016.03.24-10.12.31:426][ 68]LogSynthBenchmark:Display:          ... 0.028360 s/Run 'RayIntersect'
[2016.03.24-10.12.31:426][ 68]LogSynthBenchmark:Display:          ... 0.027398 s/Run 'Fractal'
[2016.03.24-10.12.31:426][ 68]LogSynthBenchmark:Display: 
[2016.03.24-10.12.31:426][ 68]LogSynthBenchmark:Display:   CompiledTarget_x_Bits: 64
[2016.03.24-10.12.31:426][ 68]LogSynthBenchmark:Display:   UE_BUILD_SHIPPING: 0
[2016.03.24-10.12.31:426][ 68]LogSynthBenchmark:Display:   UE_BUILD_TEST: 0
[2016.03.24-10.12.31:426][ 68]LogSynthBenchmark:Display:   UE_BUILD_DEBUG: 0
[2016.03.24-10.12.31:426][ 68]LogSynthBenchmark:Display:   TotalPhysicalGBRam: 4
[2016.03.24-10.12.31:426][ 68]LogSynthBenchmark:Display:   NumberOfCores (physical): 2
[2016.03.24-10.12.31:426][ 68]LogSynthBenchmark:Display:   NumberOfCores (logical): 2
[2016.03.24-10.12.31:426][ 68]LogSynthBenchmark:Display:   CPU Perf Index 0: 90.3
[2016.03.24-10.12.31:426][ 68]LogSynthBenchmark:Display:   CPU Perf Index 1: 104.4
[2016.03.24-10.12.31:426][ 68]LogSynthBenchmark:Display:  
[2016.03.24-10.12.31:426][ 68]LogSynthBenchmark:Display: Graphics:
[2016.03.24-10.12.31:426][ 68]LogSynthBenchmark:Display:   Adapter Name: 'NVIDIA Quadro 410 '